<?xml version="1.0" encoding="utf-8"?><testsuites name="pytest tests"><testsuite name="pytest" errors="0" failures="0" skipped="0" tests="47" time="285.159" timestamp="2026-03-17T06:48:36.991511+08:00" hostname="LAPTOP-8T2KL2PQ"><testcase classname="tests.test_index.TestIndexPage" name="test_portal_cards_rendered" time="6.721" /><testcase classname="tests.test_index.TestIndexPage" name="test_viewer_link" time="5.382" /><testcase classname="tests.test_index.TestIndexPage" name="test_setup_link" time="4.335" /><testcase classname="tests.test_index.TestIndexPage" name="test_admin_badge" time="8.466" /><testcase classname="tests.test_index.TestIndexPage" name="test_title" time="5.366" /><testcase classname="tests.test_index.TestIndexPage" name="test_planner_info_display" time="3.365" /><testcase classname="tests.test_setup_area.TestAreaAdd" name="test_add_area_success" time="7.028" /><testcase classname="tests.test_setup_area.TestAreaAdd" name="test_add_area_empty_name" time="6.257" /><testcase classname="tests.test_setup_area.TestAreaAdd" name="test_add_area_with_holiday_boost" time="5.953" /><testcase classname="tests.test_setup_area.TestAreaAdd" name="test_add_area_cancel" time="6.093" /><testcase classname="tests.test_setup_area.TestAreaEdit" name="test_edit_area_name" time="7.747" /><testcase classname="tests.test_setup_area.TestAreaEdit" name="test_edit_area_priority" time="7.888" /><testcase classname="tests.test_setup_area.TestAreaDelete" name="test_delete_area_confirm" time="7.257" /><testcase classname="tests.test_setup_area.TestAreaDelete" name="test_delete_area_cancel" time="6.423" /><testcase classname="tests.test_setup_schedule.TestScheduleTab" name="test_date_defaults_to_today" time="7.237" /><testcase classname="tests.test_setup_schedule.TestScheduleTab" name="test_today_button" time="6.526" /><testcase classname="tests.test_setup_schedule.TestScheduleTab" name="test_select_all_staff" time="7.750" /><testcase classname="tests.test_setup_schedule.TestScheduleTab" name="test_deselect_all_staff" time="7.072" /><testcase classname="tests.test_setup_schedule.TestScheduleTab" name="test_select_default_staff" time="5.466" /><testcase classname="tests.test_setup_schedule.TestScheduleTab" name="test_gender_count" time="6.072" /><testcase classname="tests.test_setup_schedule.TestScheduleTab" name="test_generate_no_staff_selected" time="5.946" /><testcase classname="tests.test_setup_schedule.TestScheduleTab" name="test_generate_schedule_success" time="7.245" /><testcase classname="tests.test_setup_schedule.TestScheduleTab" name="test_save_schedule" time="7.491" /><testcase classname="tests.test_setup_schedule.TestScheduleTab" name="test_holiday_toggle" time="5.130" /><testcase classname="tests.test_setup_schedule.TestScheduleTab" name="test_planner_banner_displayed" time="5.105" /><testcase classname="tests.test_setup_schedule.TestRotationTab" name="test_rotation_list_rendered" time="6.370" /><testcase classname="tests.test_setup_schedule.TestRotationTab" name="test_rotation_has_current_badge" time="5.872" /><testcase classname="tests.test_setup_schedule.TestRotationTab" name="test_advance_week" time="7.749" /><testcase classname="tests.test_setup_schedule.TestSettingsTab" name="test_gas_url_displayed" time="5.549" /><testcase classname="tests.test_setup_schedule.TestSettingsTab" name="test_gas_url_invalid_format" time="6.565" /><testcase classname="tests.test_setup_schedule.TestSettingsTab" name="test_gas_url_reset" time="5.588" /><testcase classname="tests.test_setup_schedule.TestSettingsTab" name="test_export_json" time="6.330" /><testcase classname="tests.test_setup_staff.TestStaffAdd" name="test_add_staff_success" time="7.362" /><testcase classname="tests.test_setup_staff.TestStaffAdd" name="test_add_staff_empty_name" time="6.383" /><testcase classname="tests.test_setup_staff.TestStaffAdd" name="test_add_staff_with_floor_restriction" time="6.045" /><testcase classname="tests.test_setup_staff.TestStaffAdd" name="test_add_staff_cancel" time="6.565" /><testcase classname="tests.test_setup_staff.TestStaffEdit" name="test_edit_staff_name" time="8.748" /><testcase classname="tests.test_setup_staff.TestStaffDelete" name="test_delete_staff_confirm" time="7.089" /><testcase classname="tests.test_setup_staff.TestStaffDelete" name="test_delete_staff_cancel" time="6.779" /><testcase classname="tests.test_viewer.TestViewerLoad" name="test_load_with_data" time="3.637" /><testcase classname="tests.test_viewer.TestViewerLoad" name="test_load_empty_data" time="3.269" /><testcase classname="tests.test_viewer.TestViewerLoad" name="test_load_api_failure" time="4.250" /><testcase classname="tests.test_viewer.TestViewerConfirmButton" name="test_confirm_success" time="5.469" /><testcase classname="tests.test_viewer.TestViewerConfirmButton" name="test_confirm_failure" time="5.420" /><testcase classname="tests.test_viewer.TestViewerConfirmButton" name="test_already_confirmed_disabled" time="3.376" /><testcase classname="tests.test_viewer.TestViewerSpecialCards" name="test_unassigned_area_card" time="3.436" /><testcase classname="tests.test_viewer.TestViewerSpecialCards" name="test_gender_badge_on_buttons" time="3.809" /></testsuite></testsuites>